{"ts":1689430602652,"action":"PROJECT_OPENED","tags":{"PROJECT_NAME":"RumiCubeSolve"}}
{"ts":1689430606079,"action":"IDE_DEACTIVATED"}
{"ts":1689430606787,"action":"IDE_ACTIVATED"}
{"ts":1689430606788,"action":"IDE_DEACTIVATED"}
{"ts":1689430608680,"action":"IDE_ACTIVATED"}
{"ts":1689430696473,"action":"IDE_DEACTIVATED"}
{"ts":1689431117387,"action":"IDE_ACTIVATED"}
{"ts":1689431123024,"action":"FILE_OPENED","file":"/app/src/main/java/com/rummysolver/engine/MainActivity.java","tags":{"FILE_LINE_OF_CODE":"463"}}
{"ts":1689431363793,"action":"FILE_CLOSED","file":"/app/src/main/java/com/rummysolver/engine/MainActivity.java","tags":{"FILE_LINE_OF_CODE":"463"}}
{"ts":1689431363793,"action":"FILE_OPENED","file":"/app/src/main/java/com/rummysolver/engine/RummiKubSolve.java","tags":{"FILE_LINE_OF_CODE":"641"}}
{"ts":1689431594833,"action":"FILE_CLOSED","file":"/app/src/main/java/com/rummysolver/engine/RummiKubSolve.java","tags":{"FILE_LINE_OF_CODE":"641"}}
{"ts":1689431594833,"action":"FILE_OPENED","file":"/app/src/main/java/com/rummysolver/engine/MainActivity_Demo.java","tags":{"FILE_LINE_OF_CODE":"439"}}
{"ts":1689431613899,"action":"FILE_CLOSED","file":"/app/src/main/java/com/rummysolver/engine/MainActivity_Demo.java","tags":{"FILE_LINE_OF_CODE":"439"}}
{"ts":1689431613899,"action":"FILE_OPENED","file":"/app/src/main/java/com/rummysolver/engine/MainActivity.java","tags":{"FILE_LINE_OF_CODE":"463"}}
{"ts":1689431622364,"action":"FILE_CLOSED","file":"/app/src/main/java/com/rummysolver/engine/MainActivity.java","tags":{"FILE_LINE_OF_CODE":"463"}}
{"ts":1689431622364,"action":"FILE_OPENED","file":"/app/src/main/res/layout/activity_main.xml","tags":{"FILE_LINE_OF_CODE":"336"}}
{"ts":1689431628043,"action":"FILE_CLOSED","file":"/app/src/main/res/layout/activity_main.xml","tags":{"FILE_LINE_OF_CODE":"336"}}
{"ts":1689431628043,"action":"FILE_OPENED","file":"/app/src/main/java/com/rummysolver/engine/MainActivity_Demo.java","tags":{"FILE_LINE_OF_CODE":"439"}}
{"ts":1689431629696,"action":"FILE_CLOSED","file":"/app/src/main/java/com/rummysolver/engine/MainActivity_Demo.java","tags":{"FILE_LINE_OF_CODE":"439"}}
{"ts":1689431629696,"action":"FILE_OPENED","file":"/app/src/main/res/layout/activity_demo.xml","tags":{"FILE_LINE_OF_CODE":"357"}}
{"ts":1689431643225,"action":"FILE_CLOSED","file":"/app/src/main/res/layout/activity_demo.xml","tags":{"FILE_LINE_OF_CODE":"357"}}
{"ts":1689431643225,"action":"FILE_OPENED","file":"/app/src/main/java/com/rummysolver/engine/ResultActivity.java","tags":{"FILE_LINE_OF_CODE":"80"}}
{"ts":1689431644400,"action":"FILE_CLOSED","file":"/app/src/main/java/com/rummysolver/engine/ResultActivity.java","tags":{"FILE_LINE_OF_CODE":"80"}}
{"ts":1689431644400,"action":"FILE_OPENED","file":"/app/src/main/java/com/rummysolver/engine/MainActivity.java","tags":{"FILE_LINE_OF_CODE":"463"}}
{"ts":1689431655004,"action":"FILE_CLOSED","file":"/app/src/main/java/com/rummysolver/engine/MainActivity.java","tags":{"FILE_LINE_OF_CODE":"463"}}
{"ts":1689431655004,"action":"FILE_OPENED","file":"/app/src/main/java/com/rummysolver/engine/RummiKubSolve.java","tags":{"FILE_LINE_OF_CODE":"641"}}
{"ts":1689431873991,"action":"IDE_DEACTIVATED"}
{"ts":1689431874969,"action":"IDE_ACTIVATED"}
{"ts":1689431896138,"action":"FILE_CLOSED","file":"/app/src/main/java/com/rummysolver/engine/RummiKubSolve.java","tags":{"FILE_LINE_OF_CODE":"651"}}
{"ts":1689431896138,"action":"FILE_OPENED","file":"/build.gradle","tags":{"FILE_LINE_OF_CODE":"30"}}
{"ts":1689431900645,"action":"FILE_CLOSED","file":"/build.gradle","tags":{"FILE_LINE_OF_CODE":"30"}}
{"ts":1689431900645,"action":"FILE_OPENED","file":"/app/build.gradle","tags":{"FILE_LINE_OF_CODE":"39"}}
{"ts":1689431915530,"action":"FILE_CLOSED","file":"/app/build.gradle","tags":{"FILE_LINE_OF_CODE":"39"}}
{"ts":1689431915530,"action":"FILE_OPENED","file":"/gradle.properties","tags":{"FILE_LINE_OF_CODE":"21"}}
{"ts":1689431918123,"action":"FILE_CLOSED","file":"/gradle.properties","tags":{"FILE_LINE_OF_CODE":"21"}}
{"ts":1689431918123,"action":"FILE_OPENED","file":"/gradle/wrapper/gradle-wrapper.properties","tags":{"FILE_LINE_OF_CODE":"7"}}
{"ts":1689431922696,"action":"FILE_CLOSED","file":"/gradle/wrapper/gradle-wrapper.properties","tags":{"FILE_LINE_OF_CODE":"7"}}
{"ts":1689431922696,"action":"FILE_OPENED","file":"/settings.gradle","tags":{"FILE_LINE_OF_CODE":"3"}}
{"ts":1689431924293,"action":"FILE_CLOSED","file":"/settings.gradle","tags":{"FILE_LINE_OF_CODE":"3"}}
{"ts":1689431924293,"action":"FILE_OPENED","file":"/local.properties","tags":{"FILE_LINE_OF_CODE":"9"}}
{"ts":1689431936687,"action":"IDE_DEACTIVATED"}
{"ts":1689431943542,"action":"IDE_ACTIVATED"}
{"ts":1689431970747,"action":"IDE_DEACTIVATED"}
{"ts":1689431987143,"action":"IDE_ACTIVATED"}
{"ts":1689431990915,"action":"IDE_DEACTIVATED"}
{"ts":1689431991590,"action":"IDE_ACTIVATED"}
{"ts":1689431991603,"action":"IDE_DEACTIVATED"}
{"ts":1689432057017,"action":"IDE_ACTIVATED"}
{"ts":1689432059449,"action":"IDE_DEACTIVATED"}
{"ts":1689432060457,"action":"IDE_ACTIVATED"}
{"ts":1689432083423,"action":"IDE_DEACTIVATED"}
{"ts":1689432117178,"action":"IDE_ACTIVATED"}
{"ts":1689432125425,"action":"FILE_CLOSED","file":"/local.properties","tags":{"FILE_LINE_OF_CODE":"9"}}
{"ts":1689432125425,"action":"FILE_OPENED","file":"/gradle/wrapper/gradle-wrapper.properties","tags":{"FILE_LINE_OF_CODE":"7"}}
{"ts":1689432142288,"action":"FILE_CLOSED","file":"/gradle/wrapper/gradle-wrapper.properties","tags":{"FILE_LINE_OF_CODE":"7"}}
{"ts":1689432142288,"action":"FILE_OPENED","file":"/app/build.gradle","tags":{"FILE_LINE_OF_CODE":"39"}}
{"ts":1689432151057,"action":"FILE_CLOSED","file":"/app/build.gradle","tags":{"FILE_LINE_OF_CODE":"39"}}
{"ts":1689432151057,"action":"FILE_OPENED","file":"/build.gradle","tags":{"FILE_LINE_OF_CODE":"30"}}
{"ts":1689432157330,"action":"FILE_CLOSED","file":"/build.gradle","tags":{"FILE_LINE_OF_CODE":"30"}}
{"ts":1689432157330,"action":"FILE_OPENED","file":"/app/src/main/java/com/rummysolver/engine/RummiKubSolve.java","tags":{"FILE_LINE_OF_CODE":"651"}}
{"ts":1689432159394,"action":"IDE_DEACTIVATED"}
{"ts":1689432205070,"action":"IDE_ACTIVATED"}
{"ts":1689432207875,"action":"IDE_DEACTIVATED"}
{"ts":1689432254110,"action":"IDE_ACTIVATED"}
{"ts":1689432332386,"action":"FILE_CLOSED","file":"/app/src/main/java/com/rummysolver/engine/RummiKubSolve.java","tags":{"FILE_LINE_OF_CODE":"651"}}
{"ts":1689432332386,"action":"FILE_OPENED","file":"/build.gradle","tags":{"FILE_LINE_OF_CODE":"30"}}
{"ts":1689432337173,"action":"FILE_CLOSED","file":"/build.gradle","tags":{"FILE_LINE_OF_CODE":"30"}}
{"ts":1689432337173,"action":"FILE_OPENED","file":"/app/build.gradle","tags":{"FILE_LINE_OF_CODE":"39"}}
{"ts":1689432360038,"action":"IDE_DEACTIVATED"}
{"ts":1689432360720,"action":"IDE_ACTIVATED"}
{"ts":1689432360735,"action":"IDE_DEACTIVATED"}
{"ts":1689432364114,"action":"IDE_ACTIVATED"}
{"ts":1689432399923,"action":"FILE_CLOSED","file":"/app/build.gradle","tags":{"FILE_LINE_OF_CODE":"38"}}
{"ts":1689432399923,"action":"FILE_OPENED","file":"/app/src/main/java/com/rummysolver/engine/LoadingActivity.java","tags":{"FILE_LINE_OF_CODE":"33"}}
{"ts":1689432419695,"action":"IDE_DEACTIVATED"}
{"ts":1689432435760,"action":"IDE_ACTIVATED"}
{"ts":1689432439236,"action":"FILE_CLOSED","file":"/app/src/main/java/com/rummysolver/engine/LoadingActivity.java","tags":{"FILE_LINE_OF_CODE":"33"}}
{"ts":1689432439236,"action":"FILE_OPENED","file":"/app/src/main/AndroidManifest.xml","tags":{"FILE_LINE_OF_CODE":"36"}}
{"ts":1689432453033,"action":"IDE_DEACTIVATED"}
{"ts":1689432461447,"action":"IDE_ACTIVATED"}
{"ts":1689432494111,"action":"FILE_CLOSED","file":"/app/src/main/AndroidManifest.xml","tags":{"FILE_LINE_OF_CODE":"37"}}
{"ts":1689432494111,"action":"FILE_OPENED","file":"/app/src/main/java/com/rummysolver/engine/LoadingActivity.java","tags":{"FILE_LINE_OF_CODE":"33"}}
{"ts":1689432512183,"action":"FILE_CLOSED","file":"/app/src/main/java/com/rummysolver/engine/LoadingActivity.java","tags":{"FILE_LINE_OF_CODE":"33"}}
{"ts":1689432512183,"action":"FILE_OPENED","file":"/app/src/main/res/layout/activity_loading.xml","tags":{"FILE_LINE_OF_CODE":"17"}}
{"ts":1689432522422,"action":"FILE_CLOSED","file":"/app/src/main/res/layout/activity_loading.xml","tags":{"FILE_LINE_OF_CODE":"17"}}
{"ts":1689432522422,"action":"FILE_OPENED","file":"/app/src/main/java/com/rummysolver/engine/MainActivity.java","tags":{"FILE_LINE_OF_CODE":"463"}}
{"ts":1689432522850,"action":"FILE_CLOSED","file":"/app/src/main/java/com/rummysolver/engine/MainActivity.java","tags":{"FILE_LINE_OF_CODE":"463"}}
{"ts":1689432522850,"action":"FILE_OPENED","file":"/app/src/main/java/com/rummysolver/engine/LoadingActivity.java","tags":{"FILE_LINE_OF_CODE":"33"}}
{"ts":1689432530280,"action":"FILE_CLOSED","file":"/app/src/main/java/com/rummysolver/engine/LoadingActivity.java","tags":{"FILE_LINE_OF_CODE":"33"}}
{"ts":1689432530280,"action":"FILE_OPENED","file":"/app/src/main/res/layout/activity_loading.xml","tags":{"FILE_LINE_OF_CODE":"17"}}
{"ts":1689432556798,"action":"FILE_CLOSED","file":"/app/src/main/res/layout/activity_loading.xml","tags":{"FILE_LINE_OF_CODE":"17"}}
{"ts":1689432556798,"action":"FILE_OPENED","file":"/app/src/main/java/com/rummysolver/engine/LoadingActivity.java","tags":{"FILE_LINE_OF_CODE":"33"}}
{"ts":1689432589673,"action":"IDE_DEACTIVATED"}
{"ts":1689432590340,"action":"IDE_ACTIVATED"}
{"ts":1689432590352,"action":"IDE_DEACTIVATED"}
{"ts":1689432721571,"action":"IDE_ACTIVATED"}
{"ts":1689432742652,"action":"FILE_CLOSED","file":"/app/src/main/java/com/rummysolver/engine/LoadingActivity.java","tags":{"FILE_LINE_OF_CODE":"33"}}
{"ts":1689432742652,"action":"FILE_OPENED","file":"/app/build.gradle","tags":{"FILE_LINE_OF_CODE":"38"}}
{"ts":1689432844265,"action":"FILE_CLOSED","file":"/app/build.gradle","tags":{"FILE_LINE_OF_CODE":"38"}}
{"ts":1689432844265,"action":"FILE_OPENED","file":"/build.gradle","tags":{"FILE_LINE_OF_CODE":"30"}}
{"ts":1689432850962,"action":"FILE_CLOSED","file":"/build.gradle","tags":{"FILE_LINE_OF_CODE":"30"}}
{"ts":1689432850962,"action":"FILE_OPENED","file":"/gradle/wrapper/gradle-wrapper.properties","tags":{"FILE_LINE_OF_CODE":"7"}}
{"ts":1689432856763,"action":"FILE_CLOSED","file":"/gradle/wrapper/gradle-wrapper.properties","tags":{"FILE_LINE_OF_CODE":"7"}}
{"ts":1689432856763,"action":"FILE_OPENED","file":"/build.gradle","tags":{"FILE_LINE_OF_CODE":"30"}}
{"ts":1689432859457,"action":"FILE_CLOSED","file":"/build.gradle","tags":{"FILE_LINE_OF_CODE":"30"}}
{"ts":1689432859457,"action":"FILE_OPENED","file":"/app/build.gradle","tags":{"FILE_LINE_OF_CODE":"38"}}
{"ts":1689432936197,"action":"FILE_CLOSED","file":"/app/build.gradle","tags":{"FILE_LINE_OF_CODE":"38"}}
{"ts":1689432936246,"action":"PROJECT_CLOSED","tags":{"PROJECT_NAME":"RumiCubeSolve"}}
{"ts":1689432943228,"action":"FILE_OPENED","file":"/app/src/main/java/com/rummysolver/engine/RummiKubSolve.java","tags":{"FILE_LINE_OF_CODE":"651"}}
{"ts":1689432944026,"action":"PROJECT_OPENED","tags":{"PROJECT_NAME":"RumiCubeSolve"}}
{"ts":1689432945774,"action":"FILE_CLOSED","file":"/app/src/main/java/com/rummysolver/engine/RummiKubSolve.java","tags":{"FILE_LINE_OF_CODE":"651"}}
{"ts":1689432945774,"action":"FILE_OPENED","file":"/app/build.gradle","tags":{"FILE_LINE_OF_CODE":"38"}}
{"ts":1689433013058,"action":"IDE_DEACTIVATED"}
{"ts":1689433018472,"action":"IDE_ACTIVATED"}
{"ts":1689433054099,"action":"FILE_CLOSED","file":"/app/build.gradle","tags":{"FILE_LINE_OF_CODE":"35"}}
{"ts":1689433054099,"action":"FILE_OPENED","file":"/app/src/main/java/com/rummysolver/engine/LineManagerOfMainActivity.java","tags":{"FILE_LINE_OF_CODE":"244"}}
{"ts":1689433056851,"action":"FILE_CLOSED","file":"/app/src/main/java/com/rummysolver/engine/LineManagerOfMainActivity.java","tags":{"FILE_LINE_OF_CODE":"244"}}
{"ts":1689433056851,"action":"FILE_OPENED","file":"/app/src/main/java/com/rummysolver/engine/LoadingActivity.java","tags":{"FILE_LINE_OF_CODE":"33"}}
{"ts":1689433066971,"action":"FILE_CLOSED","file":"/app/src/main/java/com/rummysolver/engine/LoadingActivity.java","tags":{"FILE_LINE_OF_CODE":"33"}}
{"ts":1689433066971,"action":"FILE_OPENED","file":"/app/src/main/res/layout/activity_main.xml","tags":{"FILE_LINE_OF_CODE":"336"}}
{"ts":1689433077681,"action":"FILE_CLOSED","file":"/app/src/main/res/layout/activity_main.xml","tags":{"FILE_LINE_OF_CODE":"336"}}
{"ts":1689433077681,"action":"FILE_OPENED","file":"/app/build.gradle","tags":{"FILE_LINE_OF_CODE":"35"}}
{"ts":1689433130443,"action":"IDE_DEACTIVATED"}
{"ts":1689433133772,"action":"IDE_ACTIVATED"}
{"ts":1689433164365,"action":"FILE_CLOSED","file":"/app/build.gradle","tags":{"FILE_LINE_OF_CODE":"37"}}
{"ts":1689433164365,"action":"FILE_OPENED","file":"/app/src/main/java/com/rummysolver/engine/MainActivity.java","tags":{"FILE_LINE_OF_CODE":"463"}}
{"ts":1689433181084,"action":"FILE_CLOSED","file":"/app/src/main/java/com/rummysolver/engine/MainActivity.java","tags":{"FILE_LINE_OF_CODE":"463"}}
{"ts":1689433181084,"action":"FILE_OPENED","file":"/app/src/main/java/com/rummysolver/engine/RummiKubSolve.java","tags":{"FILE_LINE_OF_CODE":"651"}}
{"ts":1689434186613,"action":"IDE_DEACTIVATED"}
{"ts":1689434187302,"action":"IDE_ACTIVATED"}
{"ts":1689434187310,"action":"IDE_DEACTIVATED"}
{"ts":1689434205496,"action":"IDE_ACTIVATED"}
{"ts":1689434397382,"action":"IDE_DEACTIVATED"}
{"ts":1689434398094,"action":"IDE_ACTIVATED"}
{"ts":1689434398109,"action":"IDE_DEACTIVATED"}
{"ts":1689434419685,"action":"IDE_ACTIVATED"}
{"ts":1689434511814,"action":"IDE_DEACTIVATED"}
{"ts":1689434512592,"action":"IDE_ACTIVATED"}
{"ts":1689434512593,"action":"IDE_DEACTIVATED"}
{"ts":1689434517957,"action":"IDE_ACTIVATED"}
{"ts":1689434699963,"action":"IDE_DEACTIVATED"}
{"ts":1689434700658,"action":"IDE_ACTIVATED"}
{"ts":1689434700658,"action":"IDE_DEACTIVATED"}
{"ts":1689434724978,"action":"IDE_ACTIVATED"}
